[[34mINFO[0m] 2026-06-22 15:17:32 - === Phase 1: Verifying Environment Guards ===
[[34mINFO[0m] 2026-06-22 15:17:32 - === Phase 2: Installing and Holding Pinned Packages ===
[[34mINFO[0m] 2026-06-22 15:17:36 - Installing nginx and nodejs...
nginx set on hold.
nodejs set on hold.
[[34mINFO[0m] 2026-06-22 15:17:37 - === Phase 3: Allocating System Service Accounts ===
[[34mINFO[0m] 2026-06-22 15:17:37 - === Phase 4: Structural Architecture & ACL Implementation ===
[[34mINFO[0m] 2026-06-22 15:17:37 - System directory architecture and ACL layers verified.
[[34mINFO[0m] 2026-06-22 15:17:37 - === Phase 5: Compiling Hardened Service Configuration ===
Created symlink '/etc/systemd/system/multi-user.target.wants/kk-api.service' → '/etc/systemd/system/kk-api.service'.
[[34mINFO[0m] 2026-06-22 15:17:39 - Hardened Systemd unit file installed.
[[34mINFO[0m] 2026-06-22 15:17:39 - === Phase 6: Executing Safe Non-Interactive Firewall Configuration ===
Backing up 'user.rules' to '/etc/ufw/user.rules.20260622_151739'
Backing up 'before.rules' to '/etc/ufw/before.rules.20260622_151739'
Backing up 'after.rules' to '/etc/ufw/after.rules.20260622_151739'
Backing up 'user6.rules' to '/etc/ufw/user6.rules.20260622_151739'
Backing up 'before6.rules' to '/etc/ufw/before6.rules.20260622_151739'
Backing up 'after6.rules' to '/etc/ufw/after6.rules.20260622_151739'

Default incoming policy changed to 'deny'
(be sure to update your rules accordingly)
Default outgoing policy changed to 'allow'
(be sure to update your rules accordingly)
Rules updated
Rules updated (v6)
Rules updated
Rules updated (v6)
Firewall is active and enabled on system startup
[[34mINFO[0m] 2026-06-22 15:17:40 - Perimeter network hardening complete.
[[34mINFO[0m] 2026-06-22 15:17:40 - === Script Completed Execution Safely ===
